<?xml version="1.0" encoding="utf-8"?><testsuites name="pytest tests"><testsuite name="pytest" errors="0" failures="0" skipped="1" tests="40" time="13.180" timestamp="2026-09-14T10:54:33.552005+00:00" hostname="agent-env-5974bba2-cb92-4949-921d-52affed0808b"><testcase classname="tests.backend_test.TestHealth" name="test_health_ok" time="0.141" /><testcase classname="tests.backend_test.TestHealth" name="test_rates_removed" time="0.131" /><testcase classname="tests.backend_test.TestAuth" name="test_me_unauthenticated" time="0.174" /><testcase classname="tests.backend_test.TestAuth" name="test_login_missing_csrf" time="0.135" /><testcase classname="tests.backend_test.TestAuth" name="test_login_untrusted_origin" time="0.000"><skipped type="pytest.skip" message="ingress rewrites Origin header; cannot forge from outside">/app/backend/tests/backend_test.py:100: ingress rewrites Origin header; cannot forge from outside</skipped></testcase><testcase classname="tests.backend_test.TestAuth" name="test_login_wrong_password" time="0.706" /><testcase classname="tests.backend_test.TestAuth" name="test_login_success_and_cookies" time="0.777" /><testcase classname="tests.backend_test.TestAuth" name="test_me_authenticated" time="0.073" /><testcase classname="tests.backend_test.TestAuth" name="test_refresh" time="0.072" /><testcase classname="tests.backend_test.TestAuth" name="test_logout_revokes_session" time="0.689" /><testcase classname="tests.backend_test.TestAdminProtection" name="test_admin_requires_auth[GET-/api/admin/products]" time="0.189" /><testcase classname="tests.backend_test.TestAdminProtection" name="test_admin_requires_auth[POST-/api/admin/products]" time="0.118" /><testcase classname="tests.backend_test.TestAdminProtection" name="test_admin_requires_auth[GET-/api/admin/bookings]" time="0.116" /><testcase classname="tests.backend_test.TestAdminProtection" name="test_admin_requires_auth[POST-/api/admin/uploads]" time="0.132" /><testcase classname="tests.backend_test.TestProducts" name="test_public_products_list_shape" time="0.167" /><testcase classname="tests.backend_test.TestProducts" name="test_create_edit_deactivate_delete" time="1.383" /><testcase classname="tests.backend_test.TestProducts" name="test_create_rejects_bad_url" time="0.090" /><testcase classname="tests.backend_test.TestProducts" name="test_create_rejects_bad_weight" time="0.090" /><testcase classname="tests.backend_test.TestProducts" name="test_create_rejects_bad_section" time="0.085" /><testcase classname="tests.backend_test.TestUploads" name="test_begin_rejects_invalid_mime" time="0.085" /><testcase classname="tests.backend_test.TestUploads" name="test_begin_rejects_oversize" time="0.088" /><testcase classname="tests.backend_test.TestUploads" name="test_chunk_negative_index" time="0.225" /><testcase classname="tests.backend_test.TestUploads" name="test_incomplete_complete_rejected" time="0.218" /><testcase classname="tests.backend_test.TestUploads" name="test_disguised_invalid_image" time="1.625" /><testcase classname="tests.backend_test.TestUploads" name="test_full_image_upload_and_public_media" time="1.822" /><testcase classname="tests.backend_test.TestUploads" name="test_product_rejects_missing_media" time="0.078" /><testcase classname="tests.backend_test.TestBookings" name="test_valid_booking" time="0.133" /><testcase classname="tests.backend_test.TestBookings" name="test_invalid_booking[bad0]" time="0.118" /><testcase classname="tests.backend_test.TestBookings" name="test_invalid_booking[bad1]" time="0.116" /><testcase classname="tests.backend_test.TestBookings" name="test_invalid_booking[bad2]" time="0.113" /><testcase classname="tests.backend_test.TestBookings" name="test_invalid_booking[bad3]" time="0.116" /><testcase classname="tests.backend_test.TestBookings" name="test_invalid_booking[bad4]" time="0.122" /><testcase classname="tests.backend_test.TestBookings" name="test_invalid_booking[bad5]" time="0.109" /><testcase classname="tests.backend_test.TestBookings" name="test_admin_bookings_list_and_status" time="0.947" /><testcase classname="tests.backend_test" name="test_zzz_cleanup" time="0.211" /><testcase classname="tests.test_security_extra.TestOriginRefererGuard" name="test_untrusted_origin_rejected" time="0.002" /><testcase classname="tests.test_security_extra.TestOriginRefererGuard" name="test_untrusted_referer_rejected" time="0.002" /><testcase classname="tests.test_security_extra.TestOriginRefererGuard" name="test_missing_csrf_header_rejected" time="0.002" /><testcase classname="tests.test_security_extra.TestOriginRefererGuard" name="test_trusted_origin_no_referer_ok" time="0.228" /><testcase classname="tests.test_security_extra.TestBruteForceLockout" name="test_lockout_after_5_wrong_then_cleanup" time="1.395" /></testsuite></testsuites>